<?xml version="1.0" encoding="UTF-8"?>
<testng-results ignored="0" total="3" passed="3" failed="0" skipped="0">
  <reporter-output>
  </reporter-output>
  <suite started-at="2022-01-23T14:36:35 IST" name="PickYourTrial Automation" finished-at="2022-01-23T14:36:54 IST" duration-ms="19148">
    <groups>
      <group name="SmokeTest">
        <method signature="LoginTest.loginWithNoCredentials()[pri:0, instance:testcases.LoginTest@57d7f8ca]" name="loginWithNoCredentials" class="testcases.LoginTest"/>
        <method signature="SignupTest.signupWithoutDetails()[pri:0, instance:testcases.SignupTest@d5b810e]" name="signupWithoutDetails" class="testcases.SignupTest"/>
      </group> <!-- SmokeTest -->
    </groups>
    <test started-at="2022-01-23T14:36:35 IST" name="Signup" finished-at="2022-01-23T14:36:50 IST" duration-ms="14300">
      <class name="testcases.SignupTest">
        <test-method is-config="true" signature="setup()[pri:0, instance:testcases.SignupTest@d5b810e]" started-at="2022-01-23T14:36:35 IST" name="setup" finished-at="2022-01-23T14:36:38 IST" duration-ms="2416" status="PASS">
          <reporter-output>
          </reporter-output>
        </test-method> <!-- setup -->
        <test-method is-config="true" signature="clickLoginButton()[pri:0, instance:testcases.SignupTest@d5b810e]" started-at="2022-01-23T14:36:38 IST" name="clickLoginButton" finished-at="2022-01-23T14:36:46 IST" duration-ms="8537" status="PASS">
          <reporter-output>
          </reporter-output>
        </test-method> <!-- clickLoginButton -->
        <test-method signature="signupWithoutDetails()[pri:0, instance:testcases.SignupTest@d5b810e]" started-at="2022-01-23T14:36:46 IST" name="signupWithoutDetails" finished-at="2022-01-23T14:36:48 IST" duration-ms="2233" status="PASS">
          <reporter-output>
          </reporter-output>
        </test-method> <!-- signupWithoutDetails -->
        <test-method is-config="true" signature="teardown()[pri:0, instance:testcases.SignupTest@d5b810e]" started-at="2022-01-23T14:36:49 IST" name="teardown" finished-at="2022-01-23T14:36:50 IST" duration-ms="161" status="PASS">
          <reporter-output>
          </reporter-output>
        </test-method> <!-- teardown -->
      </class> <!-- testcases.SignupTest -->
    </test> <!-- Signup -->
    <test started-at="2022-01-23T14:36:35 IST" name="Login" finished-at="2022-01-23T14:36:54 IST" duration-ms="19148">
      <class name="testcases.LoginTest">
        <test-method is-config="true" signature="setup()[pri:0, instance:testcases.LoginTest@57d7f8ca]" started-at="2022-01-23T14:36:35 IST" name="setup" finished-at="2022-01-23T14:36:38 IST" duration-ms="2612" status="PASS">
          <reporter-output>
          </reporter-output>
        </test-method> <!-- setup -->
        <test-method is-config="true" signature="clickLoginButton()[pri:0, instance:testcases.LoginTest@57d7f8ca]" started-at="2022-01-23T14:36:38 IST" name="clickLoginButton" finished-at="2022-01-23T14:36:44 IST" duration-ms="6095" status="PASS">
          <reporter-output>
          </reporter-output>
        </test-method> <!-- clickLoginButton -->
        <test-method signature="loginWithNoCredentials()[pri:0, instance:testcases.LoginTest@57d7f8ca]" started-at="2022-01-23T14:36:44 IST" name="loginWithNoCredentials" finished-at="2022-01-23T14:36:46 IST" duration-ms="2185" status="PASS">
          <reporter-output>
          </reporter-output>
        </test-method> <!-- loginWithNoCredentials -->
        <test-method is-config="true" signature="clickLoginButton()[pri:0, instance:testcases.LoginTest@57d7f8ca]" started-at="2022-01-23T14:36:47 IST" name="clickLoginButton" finished-at="2022-01-23T14:36:51 IST" duration-ms="4137" status="PASS">
          <reporter-output>
          </reporter-output>
        </test-method> <!-- clickLoginButton -->
        <test-method signature="checkPasswordError()[pri:1, instance:testcases.LoginTest@57d7f8ca]" started-at="2022-01-23T14:36:51 IST" name="checkPasswordError" finished-at="2022-01-23T14:36:54 IST" duration-ms="2439" status="PASS">
          <reporter-output>
          </reporter-output>
        </test-method> <!-- checkPasswordError -->
        <test-method is-config="true" signature="teardown()[pri:0, instance:testcases.LoginTest@57d7f8ca]" started-at="2022-01-23T14:36:54 IST" name="teardown" finished-at="2022-01-23T14:36:54 IST" duration-ms="153" status="PASS">
          <reporter-output>
          </reporter-output>
        </test-method> <!-- teardown -->
      </class> <!-- testcases.LoginTest -->
    </test> <!-- Login -->
  </suite> <!-- PickYourTrial Automation -->
</testng-results>
